[2025-05-06 14:02:13.703] [multi_logger] [info] IonoMoni程序启动...
[2025-05-06 14:02:13.704] [multi_logger] [info] 读取XML成功: D:\IonoMoni\IonoMoni\batch_process\project\CCL_STEC\2023_306\IonoMoni_2023_306_001.xml
[2025-05-06 14:02:13.704] [multi_logger] [info] 成功读取function字段，内容为：CCL_STEC
[2025-05-06 14:02:13.724] [multi_logger] [info] 开始运行SMOOTH_STEC功能...
[2025-05-06 14:02:13.724] [multi_logger] [info] 开始解码观测文件...
[2025-05-06 14:02:13.724] [multi_logger] [info] 解码观测文件：file://D:\IonoMoni\IonoMoni\batch_process\data\obs\2023\306\aira3060.23o
[2025-05-06 14:02:14.293] [multi_logger] [warning] [gcoder.cpp:136] Error - GLO BIASES not available! .. aira3060.23o
[2025-05-06 14:02:14.293] [multi_logger] [info] 成功解码的观测文件数量：1
[2025-05-06 14:02:14.727] [multi_logger] [info] [AIRA] Selected types: C1=C1C, C2=C2W, L1=L1C, L2=L2W
[2025-05-06 14:02:16.376] [multi_logger] [info] 测站 AIRA 输出完成
[2025-05-06 14:02:16.450] [multi_logger] [info] IonoMoni程序结束。
[2025-05-06 14:02:13.710] [multi_logger] [info] IonoMoni程序启动...
[2025-05-06 14:02:13.710] [multi_logger] [info] 读取XML成功: D:\IonoMoni\IonoMoni\batch_process\project\CCL_STEC\2023_306\IonoMoni_2023_306_000.xml
[2025-05-06 14:02:13.710] [multi_logger] [info] 成功读取function字段，内容为：CCL_STEC
[2025-05-06 14:02:13.730] [multi_logger] [info] 开始运行SMOOTH_STEC功能...
[2025-05-06 14:02:13.730] [multi_logger] [info] 开始解码观测文件...
[2025-05-06 14:02:13.730] [multi_logger] [info] 解码观测文件：file://D:\IonoMoni\IonoMoni\batch_process\data\obs\2023\306\abmf3060.23o
[2025-05-06 14:02:13.731] [multi_logger] [warning] [rinexo3.cpp:726] Warning: Changing BDS-3 C7D/C7P/C7Z to C9D/C9P/C9Z in RINEX 3.04
[2025-05-06 14:02:13.731] [multi_logger] [warning] [rinexo3.cpp:726] Warning: Changing BDS-3 C7D/C7P/C7Z to C9D/C9P/C9Z in RINEX 3.04
[2025-05-06 14:02:13.731] [multi_logger] [warning] [rinexo3.cpp:726] Warning: Changing BDS-3 C7D/C7P/C7Z to C9D/C9P/C9Z in RINEX 3.04
[2025-05-06 14:02:13.731] [multi_logger] [warning] [rinexo3.cpp:726] Warning: Changing BDS-3 C7D/C7P/C7Z to C9D/C9P/C9Z in RINEX 3.04
[2025-05-06 14:02:14.731] [multi_logger] [warning] [gcoder.cpp:136] Warning - Warning: INTERVAL not available! .. abmf3060.23o
[2025-05-06 14:02:14.731] [multi_logger] [info] 成功解码的观测文件数量：1
[2025-05-06 14:02:15.164] [multi_logger] [info] [ABMF] Selected types: C1=C1W, C2=C2W, L1=L1C, L2=L2W
[2025-05-06 14:02:17.370] [multi_logger] [info] 测站 ABMF 输出完成
[2025-05-06 14:02:17.480] [multi_logger] [info] IonoMoni程序结束。
