[2025-06-21 18:57:44.576] [multi_logger] [info] IonoMoni program started...
[2025-06-21 18:57:44.577] [multi_logger] [info] Successfully read XML: D:\IonoMoni\IonoMoni-main\batch_process\project\CCL_STEC\2023_306\IonoMoni_2023_306_000.xml
[2025-06-21 18:57:44.577] [multi_logger] [info] Successfully retrieved function field: CCL_STEC
[2025-06-21 18:57:44.594] [multi_logger] [info] Starting SMOOTH_STEC function...
[2025-06-21 18:57:44.594] [multi_logger] [info] Start decoding observation files...
[2025-06-21 18:57:44.594] [multi_logger] [info] Decoding observation file: file://D:\IonoMoni\IonoMoni-main\batch_process\data\obs\2023\306\algo3060.23o
[2025-06-21 18:57:44.945] [multi_logger] [info] Number of successfully decoded observation files: 1
[2025-06-21 18:57:44.945] [multi_logger] [info] Start processing station: ALGO
[2025-06-21 18:57:45.363] [multi_logger] [info] [ALGO] Selected GPS types: C1=C1W, C2=C2W, L1=L1C, L2=L2W
[2025-06-21 18:57:45.661] [multi_logger] [info] Station ALGO output completed
[2025-06-21 18:57:45.661] [multi_logger] [info] Station ALGO CCL processing completed in 1.000 seconds
[2025-06-21 18:57:45.690] [multi_logger] [info] IonoMoni program finished.
[2025-06-21 18:57:44.683] [multi_logger] [info] IonoMoni program started...
[2025-06-21 18:57:44.683] [multi_logger] [info] Successfully read XML: D:\IonoMoni\IonoMoni-main\batch_process\project\CCL_STEC\2023_306\IonoMoni_2023_306_001.xml
[2025-06-21 18:57:44.683] [multi_logger] [info] Successfully retrieved function field: CCL_STEC
[2025-06-21 18:57:44.699] [multi_logger] [info] Starting SMOOTH_STEC function...
[2025-06-21 18:57:44.699] [multi_logger] [info] Start decoding observation files...
[2025-06-21 18:57:44.700] [multi_logger] [info] Decoding observation file: file://D:\IonoMoni\IonoMoni-main\batch_process\data\obs\2023\306\pots3060.23o
[2025-06-21 18:57:44.701] [multi_logger] [warning] [rinexo3.cpp:726] Warning: Changing BDS-3 C7D/C7P/C7Z to C9D/C9P/C9Z in RINEX 3.04
[2025-06-21 18:57:44.701] [multi_logger] [warning] [rinexo3.cpp:726] Warning: Changing BDS-3 C7D/C7P/C7Z to C9D/C9P/C9Z in RINEX 3.04
[2025-06-21 18:57:44.701] [multi_logger] [warning] [rinexo3.cpp:726] Warning: Changing BDS-3 C7D/C7P/C7Z to C9D/C9P/C9Z in RINEX 3.04
[2025-06-21 18:57:44.701] [multi_logger] [warning] [rinexo3.cpp:726] Warning: Changing BDS-3 C7D/C7P/C7Z to C9D/C9P/C9Z in RINEX 3.04
[2025-06-21 18:57:44.701] [multi_logger] [warning] [rinexo3.cpp:726] Warning: Changing BDS-3 C7D/C7P/C7Z to C9D/C9P/C9Z in RINEX 3.04
[2025-06-21 18:57:44.701] [multi_logger] [warning] [rinexo3.cpp:726] Warning: Changing BDS-3 C7D/C7P/C7Z to C9D/C9P/C9Z in RINEX 3.04
[2025-06-21 18:57:44.701] [multi_logger] [warning] [rinexo3.cpp:726] Warning: Changing BDS-3 C7D/C7P/C7Z to C9D/C9P/C9Z in RINEX 3.04
[2025-06-21 18:57:44.701] [multi_logger] [warning] [rinexo3.cpp:726] Warning: Changing BDS-3 C7D/C7P/C7Z to C9D/C9P/C9Z in RINEX 3.04
[2025-06-21 18:57:44.701] [multi_logger] [warning] [rinexo3.cpp:726] Warning: Changing BDS-3 C7D/C7P/C7Z to C9D/C9P/C9Z in RINEX 3.04
[2025-06-21 18:57:44.701] [multi_logger] [warning] [rinexo3.cpp:726] Warning: Changing BDS-3 C7D/C7P/C7Z to C9D/C9P/C9Z in RINEX 3.04
[2025-06-21 18:57:44.701] [multi_logger] [warning] [rinexo3.cpp:726] Warning: Changing BDS-3 C7D/C7P/C7Z to C9D/C9P/C9Z in RINEX 3.04
[2025-06-21 18:57:44.701] [multi_logger] [warning] [rinexo3.cpp:726] Warning: Changing BDS-3 C7D/C7P/C7Z to C9D/C9P/C9Z in RINEX 3.04
[2025-06-21 18:57:45.462] [multi_logger] [info] Number of successfully decoded observation files: 1
[2025-06-21 18:57:45.462] [multi_logger] [info] Start processing station: POTS
[2025-06-21 18:57:45.883] [multi_logger] [info] [POTS] Selected GPS types: C1=C1W, C2=C2W, L1=L1C, L2=L2W
[2025-06-21 18:57:46.203] [multi_logger] [info] Station POTS output completed
[2025-06-21 18:57:46.203] [multi_logger] [info] Station POTS CCL processing completed in 1.000 seconds
[2025-06-21 18:57:46.240] [multi_logger] [info] IonoMoni program finished.
